<?xml version="1.0" encoding="UTF-8"?>
<testsuite name="com.java.collections.DequeProcessingTest" tests="1" skipped="0" failures="0" errors="0" timestamp="2020-02-11T11:01:58" hostname="kali" time="0.01">
  <properties/>
  <testcase name="should_ReturnHighestNumber()" classname="com.java.collections.DequeProcessingTest" time="0.01"/>
  <system-out><![CDATA[]]></system-out>
  <system-err><![CDATA[]]></system-err>
</testsuite>
