<?xml version="1.0" encoding="UTF-8"?>
<testsuite name="com.java.collections.DequeProcessingTest" tests="4" skipped="0" failures="0" errors="0" timestamp="2020-03-10T18:48:09" hostname="kali" time="0.052">
  <properties/>
  <testcase name="should_ReturnHighestNumber()" classname="com.java.collections.DequeProcessingTest" time="0.032"/>
  <testcase name="should_ReturnTwo()" classname="com.java.collections.DequeProcessingTest" time="0.003"/>
  <testcase name="should_ReturnOne_When_Given_IdenticalNumbers()" classname="com.java.collections.DequeProcessingTest" time="0.003"/>
  <testcase name="should_ReturnThree()" classname="com.java.collections.DequeProcessingTest" time="0.001"/>
  <system-out><![CDATA[]]></system-out>
  <system-err><![CDATA[]]></system-err>
</testsuite>
